# JRE version: OpenJDK Runtime Environment Temurin-17.0.10+7 (17.0.10+7) (build 17.0.10+7)
# Java VM: OpenJDK 64-Bit Server VM Temurin-17.0.10+7 (17.0.10+7, mixed mode, emulated-client, tiered, compressed oops, compressed class ptrs, g1 gc, windows-amd64)
GC Precious Log:
 CPUs: 2 total, 2 available
 Memory: 3918M
 Large Page Support: Disabled
 NUMA Support: Disabled
 Compressed Oops: Enabled (32-bit)
 Heap Region Size: 1M
 Heap Min Capacity: 8M
 Heap Initial Capacity: 62M
 Heap Max Capacity: 1G
 Pre-touch: Disabled
 Parallel Workers: 2
 Concurrent Workers: 1
 Concurrent Refinement Workers: 2
 Periodic GC: Disabled
Heap:
 garbage-first heap   total 63488K, used 17178K [0x00000000c0000000, 0x0000000100000000)
  region size 1024K, 4 young (4096K), 1 survivors (1024K)
 Metaspace       used 7004K, committed 7168K, reserved 1114112K
  class space    used 724K, committed 832K, reserved 1048576K
GC Heap History (6 events):
Event: 4.211 GC heap before
{Heap before GC invocations=0 (full 0):
 garbage-first heap   total 63488K, used 9216K [0x00000000c0000000, 0x0000000100000000)
  region size 1024K, 6 young (6144K), 0 survivors (0K)
 Metaspace       used 4303K, committed 4480K, reserved 1114112K
  class space    used 417K, committed 512K, reserved 1048576K
}
Event: 4.373 GC heap after
{Heap after GC invocations=1 (full 0):
 garbage-first heap   total 63488K, used 7971K [0x00000000c0000000, 0x0000000100000000)
  region size 1024K, 1 young (1024K), 1 survivors (1024K)
 Metaspace       used 4303K, committed 4480K, reserved 1114112K
  class space    used 417K, committed 512K, reserved 1048576K
}
Event: 5.115 GC heap before
{Heap before GC invocations=1 (full 0):
 garbage-first heap   total 63488K, used 10019K [0x00000000c0000000, 0x0000000100000000)
  region size 1024K, 4 young (4096K), 1 survivors (1024K)
 Metaspace       used 4303K, committed 4480K, reserved 1114112K
  class space    used 417K, committed 512K, reserved 1048576K
}
Event: 5.123 GC heap after
{Heap after GC invocations=2 (full 0):
 garbage-first heap   total 63488K, used 9657K [0x00000000c0000000, 0x0000000100000000)
  region size 1024K, 1 young (1024K), 1 survivors (1024K)
 Metaspace       used 4303K, committed 4480K, reserved 1114112K
  class space    used 417K, committed 512K, reserved 1048576K
}
Event: 6.411 GC heap before
{Heap before GC invocations=2 (full 0):
 garbage-first heap   total 63488K, used 16825K [0x00000000c0000000, 0x0000000100000000)
  region size 1024K, 7 young (7168K), 1 survivors (1024K)
 Metaspace       used 6540K, committed 6656K, reserved 1114112K
  class space    used 648K, committed 704K, reserved 1048576K
}
Event: 6.417 GC heap after
{Heap after GC invocations=3 (full 0):
 garbage-first heap   total 63488K, used 15130K [0x00000000c0000000, 0x0000000100000000)
  region size 1024K, 1 young (1024K), 1 survivors (1024K)
 Metaspace       used 6540K, committed 6656K, reserved 1114112K
  class space    used 648K, committed 704K, reserved 1048576K
}

